D:\STUDY\(1) Учёба\БарГУ Инж.Фак\Объектно-ориентированное программирование\PROJECTS\CPSORTSYMBOLS\CPSORTSYMBOLS\DEBUG\.NETFRAMEWORK,VERSION=V4.5.ASSEMBLYATTRIBUTES.OBJ
D:\STUDY\(1) УЧЁБА\БАРГУ ИНЖ.ФАК\ОБЪЕКТНО-ОРИЕНТИРОВАННОЕ ПРОГРАММИРОВАНИЕ\PROJECTS\CPSORTSYMBOLS\CPSORTSYMBOLS\DEBUG\VC110.PDB
D:\STUDY\(1) Учёба\БарГУ Инж.Фак\Объектно-ориентированное программирование\PROJECTS\CPSORTSYMBOLS\CPSORTSYMBOLS\DEBUG\MAINFORM.OBJ
D:\STUDY\(1) Учёба\БарГУ Инж.Фак\Объектно-ориентированное программирование\PROJECTS\CPSORTSYMBOLS\CPSORTSYMBOLS\DEBUG\CLASSES.OBJ
D:\study\(1) Учёба\БарГУ Инж.Фак\Объектно-ориентированное программирование\projects\CPSortSymbols\CPSortSymbols\Debug\CPSortSymbols.MainForm.resources
D:\study\(1) Учёба\БарГУ Инж.Фак\Объектно-ориентированное программирование\projects\CPSortSymbols\CPSortSymbols\Debug\CPSortSymbols.vcxproj.GenerateResource.Cache
D:\study\(1) Учёба\БарГУ Инж.Фак\Объектно-ориентированное программирование\projects\CPSortSymbols\CPSortSymbols\Debug\CPSortSymbols.vcxprojResolveAssemblyReference.cache
D:\study\(1) Учёба\БарГУ Инж.Фак\Объектно-ориентированное программирование\projects\CPSortSymbols\CPSortSymbols\Debug\.NETFramework,Version=v4.5.AssemblyAttributes.obj
D:\study\(1) Учёба\БарГУ Инж.Фак\Объектно-ориентированное программирование\projects\CPSortSymbols\CPSortSymbols\Debug\Classes.obj
D:\study\(1) Учёба\БарГУ Инж.Фак\Объектно-ориентированное программирование\projects\CPSortSymbols\CPSortSymbols\Debug\MainForm.obj
D:\study\(1) Учёба\БарГУ Инж.Фак\Объектно-ориентированное программирование\projects\CPSortSymbols\CPSortSymbols\Debug\cl.command.1.tlog
D:\study\(1) Учёба\БарГУ Инж.Фак\Объектно-ориентированное программирование\projects\CPSortSymbols\CPSortSymbols\Debug\CL.read.1.tlog
D:\study\(1) Учёба\БарГУ Инж.Фак\Объектно-ориентированное программирование\projects\CPSortSymbols\CPSortSymbols\Debug\CL.write.1.tlog
D:\study\(1) Учёба\БарГУ Инж.Фак\Объектно-ориентированное программирование\projects\CPSortSymbols\CPSortSymbols\Debug\CPSortSymbols.write.1.tlog
D:\study\(1) Учёба\БарГУ Инж.Фак\Объектно-ориентированное программирование\projects\CPSortSymbols\CPSortSymbols\Debug\link.11832-cvtres.read.1.tlog
D:\study\(1) Учёба\БарГУ Инж.Фак\Объектно-ориентированное программирование\projects\CPSortSymbols\CPSortSymbols\Debug\link.11832-cvtres.write.1.tlog
D:\study\(1) Учёба\БарГУ Инж.Фак\Объектно-ориентированное программирование\projects\CPSortSymbols\CPSortSymbols\Debug\link.11832-rc.read.1.tlog
D:\study\(1) Учёба\БарГУ Инж.Фак\Объектно-ориентированное программирование\projects\CPSortSymbols\CPSortSymbols\Debug\link.11832-rc.write.1.tlog
D:\study\(1) Учёба\БарГУ Инж.Фак\Объектно-ориентированное программирование\projects\CPSortSymbols\CPSortSymbols\Debug\link.11832.read.1.tlog
D:\study\(1) Учёба\БарГУ Инж.Фак\Объектно-ориентированное программирование\projects\CPSortSymbols\CPSortSymbols\Debug\link.11832.write.1.tlog
D:\study\(1) Учёба\БарГУ Инж.Фак\Объектно-ориентированное программирование\projects\CPSortSymbols\CPSortSymbols\Debug\link.12568-cvtres.read.1.tlog
D:\study\(1) Учёба\БарГУ Инж.Фак\Объектно-ориентированное программирование\projects\CPSortSymbols\CPSortSymbols\Debug\link.12568-cvtres.write.1.tlog
D:\study\(1) Учёба\БарГУ Инж.Фак\Объектно-ориентированное программирование\projects\CPSortSymbols\CPSortSymbols\Debug\link.12568-rc.read.1.tlog
D:\study\(1) Учёба\БарГУ Инж.Фак\Объектно-ориентированное программирование\projects\CPSortSymbols\CPSortSymbols\Debug\link.12568-rc.write.1.tlog
D:\study\(1) Учёба\БарГУ Инж.Фак\Объектно-ориентированное программирование\projects\CPSortSymbols\CPSortSymbols\Debug\link.12568.read.1.tlog
D:\study\(1) Учёба\БарГУ Инж.Фак\Объектно-ориентированное программирование\projects\CPSortSymbols\CPSortSymbols\Debug\link.12568.write.1.tlog
D:\study\(1) Учёба\БарГУ Инж.Фак\Объектно-ориентированное программирование\projects\CPSortSymbols\CPSortSymbols\Debug\link.12676-cvtres.read.1.tlog
D:\study\(1) Учёба\БарГУ Инж.Фак\Объектно-ориентированное программирование\projects\CPSortSymbols\CPSortSymbols\Debug\link.12676-cvtres.write.1.tlog
D:\study\(1) Учёба\БарГУ Инж.Фак\Объектно-ориентированное программирование\projects\CPSortSymbols\CPSortSymbols\Debug\link.12676-rc.read.1.tlog
D:\study\(1) Учёба\БарГУ Инж.Фак\Объектно-ориентированное программирование\projects\CPSortSymbols\CPSortSymbols\Debug\link.12676-rc.write.1.tlog
D:\study\(1) Учёба\БарГУ Инж.Фак\Объектно-ориентированное программирование\projects\CPSortSymbols\CPSortSymbols\Debug\link.12676.read.1.tlog
D:\study\(1) Учёба\БарГУ Инж.Фак\Объектно-ориентированное программирование\projects\CPSortSymbols\CPSortSymbols\Debug\link.12676.write.1.tlog
D:\study\(1) Учёба\БарГУ Инж.Фак\Объектно-ориентированное программирование\projects\CPSortSymbols\CPSortSymbols\Debug\link.4900-cvtres.read.1.tlog
D:\study\(1) Учёба\БарГУ Инж.Фак\Объектно-ориентированное программирование\projects\CPSortSymbols\CPSortSymbols\Debug\link.4900-cvtres.write.1.tlog
D:\study\(1) Учёба\БарГУ Инж.Фак\Объектно-ориентированное программирование\projects\CPSortSymbols\CPSortSymbols\Debug\link.4900-rc.read.1.tlog
D:\study\(1) Учёба\БарГУ Инж.Фак\Объектно-ориентированное программирование\projects\CPSortSymbols\CPSortSymbols\Debug\link.4900-rc.write.1.tlog
D:\study\(1) Учёба\БарГУ Инж.Фак\Объектно-ориентированное программирование\projects\CPSortSymbols\CPSortSymbols\Debug\link.4900.read.1.tlog
D:\study\(1) Учёба\БарГУ Инж.Фак\Объектно-ориентированное программирование\projects\CPSortSymbols\CPSortSymbols\Debug\link.4900.write.1.tlog
D:\study\(1) Учёба\БарГУ Инж.Фак\Объектно-ориентированное программирование\projects\CPSortSymbols\CPSortSymbols\Debug\link.6044-cvtres.read.1.tlog
D:\study\(1) Учёба\БарГУ Инж.Фак\Объектно-ориентированное программирование\projects\CPSortSymbols\CPSortSymbols\Debug\link.6044-cvtres.write.1.tlog
D:\study\(1) Учёба\БарГУ Инж.Фак\Объектно-ориентированное программирование\projects\CPSortSymbols\CPSortSymbols\Debug\link.6044-rc.read.1.tlog
D:\study\(1) Учёба\БарГУ Инж.Фак\Объектно-ориентированное программирование\projects\CPSortSymbols\CPSortSymbols\Debug\link.6044-rc.write.1.tlog
D:\study\(1) Учёба\БарГУ Инж.Фак\Объектно-ориентированное программирование\projects\CPSortSymbols\CPSortSymbols\Debug\link.6044.read.1.tlog
D:\study\(1) Учёба\БарГУ Инж.Фак\Объектно-ориентированное программирование\projects\CPSortSymbols\CPSortSymbols\Debug\link.6044.write.1.tlog
D:\study\(1) Учёба\БарГУ Инж.Фак\Объектно-ориентированное программирование\projects\CPSortSymbols\CPSortSymbols\Debug\link.7228-cvtres.read.1.tlog
D:\study\(1) Учёба\БарГУ Инж.Фак\Объектно-ориентированное программирование\projects\CPSortSymbols\CPSortSymbols\Debug\link.7228-cvtres.write.1.tlog
D:\study\(1) Учёба\БарГУ Инж.Фак\Объектно-ориентированное программирование\projects\CPSortSymbols\CPSortSymbols\Debug\link.7228-rc.read.1.tlog
D:\study\(1) Учёба\БарГУ Инж.Фак\Объектно-ориентированное программирование\projects\CPSortSymbols\CPSortSymbols\Debug\link.7228-rc.write.1.tlog
D:\study\(1) Учёба\БарГУ Инж.Фак\Объектно-ориентированное программирование\projects\CPSortSymbols\CPSortSymbols\Debug\link.7228.read.1.tlog
D:\study\(1) Учёба\БарГУ Инж.Фак\Объектно-ориентированное программирование\projects\CPSortSymbols\CPSortSymbols\Debug\link.7228.write.1.tlog
D:\study\(1) Учёба\БарГУ Инж.Фак\Объектно-ориентированное программирование\projects\CPSortSymbols\CPSortSymbols\Debug\link.7648-cvtres.read.1.tlog
D:\study\(1) Учёба\БарГУ Инж.Фак\Объектно-ориентированное программирование\projects\CPSortSymbols\CPSortSymbols\Debug\link.7648-cvtres.write.1.tlog
D:\study\(1) Учёба\БарГУ Инж.Фак\Объектно-ориентированное программирование\projects\CPSortSymbols\CPSortSymbols\Debug\link.7648-rc.read.1.tlog
D:\study\(1) Учёба\БарГУ Инж.Фак\Объектно-ориентированное программирование\projects\CPSortSymbols\CPSortSymbols\Debug\link.7648-rc.write.1.tlog
D:\study\(1) Учёба\БарГУ Инж.Фак\Объектно-ориентированное программирование\projects\CPSortSymbols\CPSortSymbols\Debug\link.7648.read.1.tlog
D:\study\(1) Учёба\БарГУ Инж.Фак\Объектно-ориентированное программирование\projects\CPSortSymbols\CPSortSymbols\Debug\link.7648.write.1.tlog
D:\study\(1) Учёба\БарГУ Инж.Фак\Объектно-ориентированное программирование\projects\CPSortSymbols\CPSortSymbols\Debug\link.7780-cvtres.read.1.tlog
D:\study\(1) Учёба\БарГУ Инж.Фак\Объектно-ориентированное программирование\projects\CPSortSymbols\CPSortSymbols\Debug\link.7780-cvtres.write.1.tlog
D:\study\(1) Учёба\БарГУ Инж.Фак\Объектно-ориентированное программирование\projects\CPSortSymbols\CPSortSymbols\Debug\link.7780-rc.read.1.tlog
D:\study\(1) Учёба\БарГУ Инж.Фак\Объектно-ориентированное программирование\projects\CPSortSymbols\CPSortSymbols\Debug\link.7780-rc.write.1.tlog
D:\study\(1) Учёба\БарГУ Инж.Фак\Объектно-ориентированное программирование\projects\CPSortSymbols\CPSortSymbols\Debug\link.7780.read.1.tlog
D:\study\(1) Учёба\БарГУ Инж.Фак\Объектно-ориентированное программирование\projects\CPSortSymbols\CPSortSymbols\Debug\link.7780.write.1.tlog
D:\study\(1) Учёба\БарГУ Инж.Фак\Объектно-ориентированное программирование\projects\CPSortSymbols\CPSortSymbols\Debug\link.8700-cvtres.read.1.tlog
D:\study\(1) Учёба\БарГУ Инж.Фак\Объектно-ориентированное программирование\projects\CPSortSymbols\CPSortSymbols\Debug\link.8700-cvtres.write.1.tlog
D:\study\(1) Учёба\БарГУ Инж.Фак\Объектно-ориентированное программирование\projects\CPSortSymbols\CPSortSymbols\Debug\link.8700-rc.read.1.tlog
D:\study\(1) Учёба\БарГУ Инж.Фак\Объектно-ориентированное программирование\projects\CPSortSymbols\CPSortSymbols\Debug\link.8700-rc.write.1.tlog
D:\study\(1) Учёба\БарГУ Инж.Фак\Объектно-ориентированное программирование\projects\CPSortSymbols\CPSortSymbols\Debug\link.8700.read.1.tlog
D:\study\(1) Учёба\БарГУ Инж.Фак\Объектно-ориентированное программирование\projects\CPSortSymbols\CPSortSymbols\Debug\link.8700.write.1.tlog
D:\study\(1) Учёба\БарГУ Инж.Фак\Объектно-ориентированное программирование\projects\CPSortSymbols\CPSortSymbols\Debug\link.9320-cvtres.read.1.tlog
D:\study\(1) Учёба\БарГУ Инж.Фак\Объектно-ориентированное программирование\projects\CPSortSymbols\CPSortSymbols\Debug\link.9320-cvtres.write.1.tlog
D:\study\(1) Учёба\БарГУ Инж.Фак\Объектно-ориентированное программирование\projects\CPSortSymbols\CPSortSymbols\Debug\link.9320-rc.read.1.tlog
D:\study\(1) Учёба\БарГУ Инж.Фак\Объектно-ориентированное программирование\projects\CPSortSymbols\CPSortSymbols\Debug\link.9320-rc.write.1.tlog
D:\study\(1) Учёба\БарГУ Инж.Фак\Объектно-ориентированное программирование\projects\CPSortSymbols\CPSortSymbols\Debug\link.9320.read.1.tlog
D:\study\(1) Учёба\БарГУ Инж.Фак\Объектно-ориентированное программирование\projects\CPSortSymbols\CPSortSymbols\Debug\link.9320.write.1.tlog
D:\study\(1) Учёба\БарГУ Инж.Фак\Объектно-ориентированное программирование\projects\CPSortSymbols\CPSortSymbols\Debug\link.command.1.tlog
D:\study\(1) Учёба\БарГУ Инж.Фак\Объектно-ориентированное программирование\projects\CPSortSymbols\CPSortSymbols\Debug\link.read.1.tlog
D:\study\(1) Учёба\БарГУ Инж.Фак\Объектно-ориентированное программирование\projects\CPSortSymbols\CPSortSymbols\Debug\link.write.1.tlog
D:\study\(1) Учёба\БарГУ Инж.Фак\Объектно-ориентированное программирование\projects\CPSortSymbols\CPSortSymbols\Debug\metagen.read.1.tlog
D:\study\(1) Учёба\БарГУ Инж.Фак\Объектно-ориентированное программирование\projects\CPSortSymbols\CPSortSymbols\Debug\metagen.write.1.tlog
D:\study\(1) Учёба\БарГУ Инж.Фак\Объектно-ориентированное программирование\projects\CPSortSymbols\CPSortSymbols\Debug\vc110.pdb
D:\study\(1) Учёба\БарГУ Инж.Фак\Объектно-ориентированное программирование\projects\CPSortSymbols\CPSortSymbols\Debug\RSAENH.DLL.bi
D:\study\(1) Учёба\БарГУ Инж.Фак\Объектно-ориентированное программирование\projects\CPSortSymbols\CPSortSymbols\Debug\TZRES.DLL.bi
D:\study\(1) Учёба\БарГУ Инж.Фак\Объектно-ориентированное программирование\projects\CPSortSymbols\Debug\CPSortSymbols.pdb
D:\study\(1) Учёба\БарГУ Инж.Фак\Объектно-ориентированное программирование\projects\CPSortSymbols\Debug\CPSortSymbols.exe
